<?xml version="1.0" encoding="UTF-8"?>
<!-- Generated by org.testng.reporters.JUnitReportReporter -->
<testsuite hostname="ojt15-PC" name="DriverFactory.AppTest" tests="1" failures="0" timestamp="19 Dec 2019 03:59:34 GMT" time="27.650" errors="0">
  <testcase name="startTest" time="27.650" classname="DriverFactory.AppTest"/>
</testsuite> <!-- DriverFactory.AppTest -->
